Using pre-set license
Built from '2021.2/staging' branch; Version is '2021.2.13f1 (90b6766da538) revision 9483894'; Using compiler version '192829333'; Build Type 'Release'
OS: 'Windows 10  (10.0.19045) 64bit Professional' Language: 'en' Physical Memory: 16295 MB
BatchMode: 1, IsHumanControllingUs: 0, StartBugReporterOnCrash: 0, Is64bit: 1, IsPro: 1

COMMAND LINE ARGUMENTS:
D:\HDD mass storage\Installed Programs\Unity\2021.2.13f1\Editor\Unity.exe
-adb2
-batchMode
-noUpm
-name
AssetImportWorker0
-projectPath
D:/HDD mass storage/Unity/UnityProjects/IcebergHorror-main/IcebergHorror-main/HorrorGame
-logFile
Logs/AssetImportWorker0.log
-srvPort
63299
Successfully changed project path to: D:/HDD mass storage/Unity/UnityProjects/IcebergHorror-main/IcebergHorror-main/HorrorGame
D:/HDD mass storage/Unity/UnityProjects/IcebergHorror-main/IcebergHorror-main/HorrorGame
[UnityMemory] Configuration Parameters - Can be set up in boot.config
    "memorysetup-bucket-allocator-granularity=16"
    "memorysetup-bucket-allocator-bucket-count=8"
    "memorysetup-bucket-allocator-block-size=33554432"
    "memorysetup-bucket-allocator-block-count=8"
    "memorysetup-main-allocator-block-size=16777216"
    "memorysetup-thread-allocator-block-size=16777216"
    "memorysetup-gfx-main-allocator-block-size=16777216"
    "memorysetup-gfx-thread-allocator-block-size=16777216"
    "memorysetup-cache-allocator-block-size=4194304"
    "memorysetup-typetree-allocator-block-size=2097152"
    "memorysetup-profiler-bucket-allocator-granularity=16"
    "memorysetup-profiler-bucket-allocator-bucket-count=8"
    "memorysetup-profiler-bucket-allocator-block-size=33554432"
    "memorysetup-profiler-bucket-allocator-block-count=8"
    "memorysetup-profiler-allocator-block-size=16777216"
    "memorysetup-profiler-editor-allocator-block-size=1048576"
    "memorysetup-temp-allocator-size-main=16777216"
    "memorysetup-job-temp-allocator-block-size=2097152"
    "memorysetup-job-temp-allocator-block-size-background=1048576"
    "memorysetup-job-temp-allocator-reduction-small-platforms=262144"
    "memorysetup-temp-allocator-size-background-worker=32768"
    "memorysetup-temp-allocator-size-job-worker=262144"
    "memorysetup-temp-allocator-size-preload-manager=33554432"
    "memorysetup-temp-allocator-size-nav-mesh-worker=65536"
    "memorysetup-temp-allocator-size-audio-worker=65536"
    "memorysetup-temp-allocator-size-cloud-worker=32768"
    "memorysetup-temp-allocator-size-gi-baking-worker=262144"
    "memorysetup-temp-allocator-size-gfx=262144"
Refreshing native plugins compatible for Editor in 87.18 ms, found 3 plugins.
Preloading 0 native plugins for Editor in 0.00 ms.
Initialize engine version: 2021.2.13f1 (90b6766da538)
[Subsystems] Discovering subsystems at path D:/HDD mass storage/Installed Programs/Unity/2021.2.13f1/Editor/Data/Resources/UnitySubsystems
[Subsystems] Discovering subsystems at path D:/HDD mass storage/Unity/UnityProjects/IcebergHorror-main/IcebergHorror-main/HorrorGame/Assets
GfxDevice: creating device client; threaded=0; jobified=0
Direct3D:
    Version:  Direct3D 11.0 [level 11.1]
    Renderer: AMD Radeon RX 6600 XT (ID=0x73ff)
    Vendor:   ATI
    VRAM:     8147 MB
    Driver:   31.0.22023.1014
Initialize mono
Mono path[0] = 'D:/HDD mass storage/Installed Programs/Unity/2021.2.13f1/Editor/Data/Managed'
Mono path[1] = 'D:/HDD mass storage/Installed Programs/Unity/2021.2.13f1/Editor/Data/MonoBleedingEdge/lib/mono/unityjit-win32'
Mono config path = 'D:/HDD mass storage/Installed Programs/Unity/2021.2.13f1/Editor/Data/MonoBleedingEdge/etc'
Using monoOptions --debugger-agent=transport=dt_socket,embedding=1,server=y,suspend=n,address=127.0.0.1:56364
Begin MonoManager ReloadAssembly
Registering precompiled unity dll's ...
Register platform support module: D:/HDD mass storage/Installed Programs/Unity/2021.2.13f1/Editor/Data/PlaybackEngines/AndroidPlayer/UnityEditor.Android.Extensions.dll
Register platform support module: D:/HDD mass storage/Installed Programs/Unity/2021.2.13f1/Editor/Data/PlaybackEngines/WindowsStandaloneSupport/UnityEditor.WindowsStandalone.Extensions.dll
Registered in 0.023143 seconds.
Native extension for WindowsStandalone target not found
Native extension for Android target not found
Refreshing native plugins compatible for Editor in 86.40 ms, found 3 plugins.
Preloading 0 native plugins for Editor in 0.00 ms.
Mono: successfully reloaded assembly
- Completed reload, in  0.789 seconds
Domain Reload Profiling:
	ReloadAssembly (789ms)
		BeginReloadAssembly (114ms)
			ExecutionOrderSort (0ms)
			DisableScriptedObjects (0ms)
			BackupInstance (0ms)
			ReleaseScriptingObjects (0ms)
			CreateAndSetChildDomain (1ms)
		EndReloadAssembly (523ms)
			LoadAssemblies (109ms)
			RebuildTransferFunctionScriptingTraits (0ms)
			SetupTypeCache (117ms)
			ReleaseScriptCaches (0ms)
			RebuildScriptCaches (28ms)
			SetupLoadedEditorAssemblies (314ms)
				LogAssemblyErrors (0ms)
				InitializePlatformSupportModulesInManaged (66ms)
				SetLoadedEditorAssemblies (0ms)
				RefreshPlugins (86ms)
				BeforeProcessingInitializeOnLoad (2ms)
				ProcessInitializeOnLoadAttributes (107ms)
				ProcessInitializeOnLoadMethodAttributes (53ms)
				AfterProcessingInitializeOnLoad (0ms)
				EditorAssembliesLoaded (0ms)
			ExecutionOrderSort2 (0ms)
			AwakeInstancesAfterBackupRestoration (0ms)
Platform modules already initialized, skipping
Registering precompiled user dll's ...
Registered in 0.014194 seconds.
Android Extension - Scanning For ADB Devices 4715 ms
Begin MonoManager ReloadAssembly
Symbol file LoadedFromMemory doesn't match image D:\HDD mass storage\Unity\UnityProjects\IcebergHorror-main\IcebergHorror-main\HorrorGame\Library\PackageCache\com.unity.visualscripting@1.7.6\Editor\VisualScripting.Core\Dependencies\YamlDotNet\Unity.VisualScripting.YamlDotNet.dll
Symbol file LoadedFromMemory doesn't match image D:\HDD mass storage\Unity\UnityProjects\IcebergHorror-main\IcebergHorror-main\HorrorGame\Library\PackageCache\com.unity.visualscripting@1.7.6\Editor\VisualScripting.Core\Dependencies\DotNetZip\Unity.VisualScripting.IonicZip.dll
Native extension for WindowsStandalone target not found
Native extension for Android target not found
Refreshing native plugins compatible for Editor in 0.72 ms, found 3 plugins.
Preloading 0 native plugins for Editor in 0.00 ms.
Mono: successfully reloaded assembly
- Completed reload, in  1.835 seconds
Domain Reload Profiling:
	ReloadAssembly (1836ms)
		BeginReloadAssembly (154ms)
			ExecutionOrderSort (0ms)
			DisableScriptedObjects (6ms)
			BackupInstance (0ms)
			ReleaseScriptingObjects (0ms)
			CreateAndSetChildDomain (20ms)
		EndReloadAssembly (1537ms)
			LoadAssemblies (134ms)
			RebuildTransferFunctionScriptingTraits (0ms)
			SetupTypeCache (245ms)
			ReleaseScriptCaches (1ms)
			RebuildScriptCaches (58ms)
			SetupLoadedEditorAssemblies (1078ms)
				LogAssemblyErrors (0ms)
				InitializePlatformSupportModulesInManaged (21ms)
				SetLoadedEditorAssemblies (0ms)
				RefreshPlugins (1ms)
				BeforeProcessingInitializeOnLoad (120ms)
				ProcessInitializeOnLoadAttributes (889ms)
				ProcessInitializeOnLoadMethodAttributes (25ms)
				AfterProcessingInitializeOnLoad (21ms)
				EditorAssembliesLoaded (0ms)
			ExecutionOrderSort2 (0ms)
			AwakeInstancesAfterBackupRestoration (6ms)
Platform modules already initialized, skipping
========================================================================
Worker process is ready to serve import requests
Launched and connected shader compiler UnityShaderCompiler.exe after 0.14 seconds
Refreshing native plugins compatible for Editor in 0.81 ms, found 3 plugins.
Preloading 0 native plugins for Editor in 0.00 ms.
Unloading 4013 Unused Serialized files (Serialized files now loaded: 0)
Unloading 26 unused Assets / (102.7 KB). Loaded Objects now: 4485.
Memory consumption went from 159.2 MB to 159.1 MB.
Total: 3.960600 ms (FindLiveObjects: 0.364700 ms CreateObjectMapping: 0.298200 ms MarkObjects: 3.171000 ms  DeleteObjects: 0.125600 ms)

AssetImportParameters requested are different than current active one (requested -> active):
  custom:video-decoder-ogg-theora: a1e56fd34408186e4bbccfd4996cb3dc -> 
  custom:container-muxer-webm: aa71ff27fc2769a1b78a27578f13a17b -> 
  custom:container-demuxer-webm: 4f35f7cbe854078d1ac9338744f61a02 -> 
  custom:video-encoder-webm-vp8: eb34c28f22e8b96e1ab97ce403110664 -> 
  custom:audio-encoder-webm-vorbis: bf7c407c2cedff20999df2af8eb42d56 -> 
  custom:framework-win-MediaFoundation: 216162199b28c13a410421893ffa2e32 -> 
  custom:container-demuxer-ogg: 62fdf1f143b41e24485cea50d1cbac27 -> 
  custom:video-decoder-webm-vp8: 9c59270c3fd7afecdb556c50c9e8de78 -> 
  custom:audio-decoder-ogg-vorbis: bf7c407c2cedff20999df2af8eb42d56 -> 
========================================================================
Received Import Request.
  Time since last request: 3474.087055 seconds.
  path: Assets/Texture/intro/Materials
  artifactKey: Guid(415ff005f3bf1054e91b09513aad7bc3) Importer(815301076,1909f56bfc062723c751e8b465ee728b)
Start importing Assets/Texture/intro/Materials using Guid(415ff005f3bf1054e91b09513aad7bc3) Importer(815301076,1909f56bfc062723c751e8b465ee728b)  -> (artifact id: 'ce423819e40f134149d3643092dfce90') in 0.013422 seconds 
========================================================================
Received Import Request.
  Time since last request: 51.309541 seconds.
  path: Assets/Texture/PSX textures/radio
  artifactKey: Guid(3cf5120dab3e932408f9137af3e52098) Importer(815301076,1909f56bfc062723c751e8b465ee728b)
Start importing Assets/Texture/PSX textures/radio using Guid(3cf5120dab3e932408f9137af3e52098) Importer(815301076,1909f56bfc062723c751e8b465ee728b)  -> (artifact id: '5dbe51a6cf52c39fb815ccfb0a03f2a4') in 0.009155 seconds 
========================================================================
Received Import Request.
  Time since last request: 8.697682 seconds.
  path: Assets/Texture/PSX textures/radio/Materials
  artifactKey: Guid(7e272975931b5d748b1e19dfde4df484) Importer(815301076,1909f56bfc062723c751e8b465ee728b)
Start importing Assets/Texture/PSX textures/radio/Materials using Guid(7e272975931b5d748b1e19dfde4df484) Importer(815301076,1909f56bfc062723c751e8b465ee728b)  -> (artifact id: '389b3db64138b9900d8e976b622a2169') in 0.002599 seconds 
========================================================================
Received Import Request.
  Time since last request: 8.645897 seconds.
  path: Assets/Texture/PSX textures/radio/1000_F_227230898_YDWgkWUngXTmznYh4ESZQDO0u3rBN7gm.jpg
  artifactKey: Guid(1eb82d2b92043de48994315f15492ede) Importer(815301076,1909f56bfc062723c751e8b465ee728b)
Start importing Assets/Texture/PSX textures/radio/1000_F_227230898_YDWgkWUngXTmznYh4ESZQDO0u3rBN7gm.jpg using Guid(1eb82d2b92043de48994315f15492ede) Importer(815301076,1909f56bfc062723c751e8b465ee728b)  -> (artifact id: '82e1466a69f9a20f6de1c9a2e50d9204') in 0.125671 seconds 
========================================================================
Received Import Request.
  Time since last request: 6.343346 seconds.
  path: Assets/Texture/PSX textures/radio/1000_F_227230898_YDWgkWUngXTmznYh4ESZQDO0u3rBN7gm.jpg
  artifactKey: Guid(1eb82d2b92043de48994315f15492ede) Importer(815301076,1909f56bfc062723c751e8b465ee728b)
Start importing Assets/Texture/PSX textures/radio/1000_F_227230898_YDWgkWUngXTmznYh4ESZQDO0u3rBN7gm.jpg using Guid(1eb82d2b92043de48994315f15492ede) Importer(815301076,1909f56bfc062723c751e8b465ee728b)  -> (artifact id: '1b75bb8798db7efeeb2000a32567c0d8') in 0.012433 seconds 
========================================================================
Received Import Request.
  Time since last request: 114.629764 seconds.
  path: Assets/Texture/PSX textures/radio/1000_F_227230898_YDWgkWUngXTmznYh4ESZQDO0u3rBN7gm.jpg
  artifactKey: Guid(1eb82d2b92043de48994315f15492ede) Importer(815301076,1909f56bfc062723c751e8b465ee728b)
Start importing Assets/Texture/PSX textures/radio/1000_F_227230898_YDWgkWUngXTmznYh4ESZQDO0u3rBN7gm.jpg using Guid(1eb82d2b92043de48994315f15492ede) Importer(815301076,1909f56bfc062723c751e8b465ee728b)  -> (artifact id: 'b1859ebcf3364bd8a2fc96a9b3461c2e') in 0.012214 seconds 
========================================================================
Received Prepare
Registering precompiled user dll's ...
Registered in 0.013633 seconds.
Begin MonoManager ReloadAssembly
Symbol file LoadedFromMemory doesn't match image D:\HDD mass storage\Unity\UnityProjects\IcebergHorror-main\IcebergHorror-main\HorrorGame\Library\PackageCache\com.unity.visualscripting@1.7.6\Editor\VisualScripting.Core\Dependencies\YamlDotNet\Unity.VisualScripting.YamlDotNet.dll
Symbol file LoadedFromMemory doesn't match image D:\HDD mass storage\Unity\UnityProjects\IcebergHorror-main\IcebergHorror-main\HorrorGame\Library\PackageCache\com.unity.visualscripting@1.7.6\Editor\VisualScripting.Core\Dependencies\DotNetZip\Unity.VisualScripting.IonicZip.dll
Native extension for WindowsStandalone target not found
Native extension for Android target not found
Refreshing native plugins compatible for Editor in 1.02 ms, found 3 plugins.
Preloading 0 native plugins for Editor in 0.00 ms.
Mono: successfully reloaded assembly
- Completed reload, in  1.380 seconds
Domain Reload Profiling:
	ReloadAssembly (1381ms)
		BeginReloadAssembly (189ms)
			ExecutionOrderSort (0ms)
			DisableScriptedObjects (7ms)
			BackupInstance (0ms)
			ReleaseScriptingObjects (0ms)
			CreateAndSetChildDomain (39ms)
		EndReloadAssembly (1067ms)
			LoadAssemblies (137ms)
			RebuildTransferFunctionScriptingTraits (0ms)
			SetupTypeCache (255ms)
			ReleaseScriptCaches (2ms)
			RebuildScriptCaches (43ms)
			SetupLoadedEditorAssemblies (602ms)
				LogAssemblyErrors (0ms)
				InitializePlatformSupportModulesInManaged (29ms)
				SetLoadedEditorAssemblies (0ms)
				RefreshPlugins (1ms)
				BeforeProcessingInitializeOnLoad (106ms)
				ProcessInitializeOnLoadAttributes (412ms)
				ProcessInitializeOnLoadMethodAttributes (27ms)
				AfterProcessingInitializeOnLoad (27ms)
				EditorAssembliesLoaded (0ms)
			ExecutionOrderSort2 (0ms)
			AwakeInstancesAfterBackupRestoration (8ms)
Platform modules already initialized, skipping
Refreshing native plugins compatible for Editor in 2.71 ms, found 3 plugins.
Preloading 0 native plugins for Editor in 0.00 ms.
Unloading 3968 Unused Serialized files (Serialized files now loaded: 0)
Unloading 19 unused Assets / (86.7 KB). Loaded Objects now: 4490.
Memory consumption went from 155.3 MB to 155.2 MB.
Total: 4.325000 ms (FindLiveObjects: 0.324500 ms CreateObjectMapping: 0.238300 ms MarkObjects: 3.651800 ms  DeleteObjects: 0.108700 ms)

AssetImportParameters requested are different than current active one (requested -> active):
  custom:video-decoder-ogg-theora: a1e56fd34408186e4bbccfd4996cb3dc -> 
  custom:container-muxer-webm: aa71ff27fc2769a1b78a27578f13a17b -> 
  custom:container-demuxer-webm: 4f35f7cbe854078d1ac9338744f61a02 -> 
  custom:video-encoder-webm-vp8: eb34c28f22e8b96e1ab97ce403110664 -> 
  custom:audio-encoder-webm-vorbis: bf7c407c2cedff20999df2af8eb42d56 -> 
  custom:framework-win-MediaFoundation: 216162199b28c13a410421893ffa2e32 -> 
  custom:container-demuxer-ogg: 62fdf1f143b41e24485cea50d1cbac27 -> 
  custom:video-decoder-webm-vp8: 9c59270c3fd7afecdb556c50c9e8de78 -> 
  custom:audio-decoder-ogg-vorbis: bf7c407c2cedff20999df2af8eb42d56 -> 
